platforms/tempPlugin/nativescript_camera/build/outputs/logs/manifest-merger-release-report.txt
-- Merging decision tree log ---
manifest
ADDED from src\main\AndroidManifest.xml:2:1-9:12
INJECTED from src\main\AndroidManifest.xml:2:1-9:12
INJECTED from src\main\AndroidManifest.xml:2:1-9:12
INJECTED from src\main\AndroidManifest.xml:2:1-9:12
INJECTED from src\main\AndroidManifest.xml:2:1-9:12
INJECTED from src\main\AndroidManifest.xml:2:1-9:12
INJECTED from src\main\AndroidManifest.xml:2:1-9:12
	package
		ADDED from src\main\AndroidManifest.xml:2:70-116
		INJECTED from src\main\AndroidManifest.xml
		INJECTED from src\main\AndroidManifest.xml
	android:versionName
		INJECTED from src\main\AndroidManifest.xml
		ADDED from src\main\AndroidManifest.xml:2:1-9:12
		INJECTED from src\main\AndroidManifest.xml
	android:versionCode
		INJECTED from src\main\AndroidManifest.xml
		ADDED from src\main\AndroidManifest.xml:2:1-9:12
		INJECTED from src\main\AndroidManifest.xml
	xmlns:android
		ADDED from src\main\AndroidManifest.xml:2:11-69
application
ADDED from src\main\AndroidManifest.xml:3:3-7:17
provider#android.support.v4.content.FileProvider
ADDED from src\main\AndroidManifest.xml:4:5-6:16
	android:grantUriPermissions
		ADDED from src\main\AndroidManifest.xml:4:143-177
	android:authorities
		ADDED from src\main\AndroidManifest.xml:4:70-117
	android:exported
		ADDED from src\main\AndroidManifest.xml:4:118-142
	android:name
		ADDED from src\main\AndroidManifest.xml:4:15-69
meta-data#android.support.FILE_PROVIDER_PATHS
ADDED from src\main\AndroidManifest.xml:5:7-109
	android:resource
		ADDED from src\main\AndroidManifest.xml:5:69-107
	android:name
		ADDED from src\main\AndroidManifest.xml:5:18-68
uses-permission#android.permission.CAMERA
ADDED from src\main\AndroidManifest.xml:8:3-62
	android:name
		ADDED from src\main\AndroidManifest.xml:8:20-60
uses-sdk
INJECTED from src\main\AndroidManifest.xml reason: use-sdk injection requested
INJECTED from src\main\AndroidManifest.xml
INJECTED from src\main\AndroidManifest.xml
	android:targetSdkVersion
		INJECTED from src\main\AndroidManifest.xml
		ADDED from src\main\AndroidManifest.xml
		INJECTED from src\main\AndroidManifest.xml